This is pdfTeX, Version 3.14159265-2.6-1.40.17 (MiKTeX 2.9 64-bit) (preloaded format=pdflatex 2016.9.27)  27 NOV 2016 18:42
entering extended mode
**./Q1.tex
(Q1.tex
LaTeX2e <2016/03/31>
Babel <3.9r> and hyphenation patterns for 75 language(s) loaded.

("C:\Users\Alexandre\AppData\Local\Programs\MiKTeX 2.9\tex\latex\base\article.c
ls"
Document Class: article 2014/09/29 v1.4h Standard LaTeX document class

("C:\Users\Alexandre\AppData\Local\Programs\MiKTeX 2.9\tex\latex\base\size10.cl
o"
File: size10.clo 2014/09/29 v1.4h Standard LaTeX file (size option)
)
\c@part=\count79
\c@section=\count80
\c@subsection=\count81
\c@subsubsection=\count82
\c@paragraph=\count83
\c@subparagraph=\count84
\c@figure=\count85
\c@table=\count86
\abovecaptionskip=\skip41
\belowcaptionskip=\skip42
\bibindent=\dimen102
) (PageFormat.tex
("C:\Users\Alexandre\AppData\Local\Programs\MiKTeX 2.9\tex\latex\setspace\setsp
ace.sty"
Package: setspace 2011/12/19 v6.7a set line spacing
)
("C:\Users\Alexandre\AppData\Local\Programs\MiKTeX 2.9\tex\latex\tools\multicol
.sty"
Package: multicol 2016/04/07 v1.8p multicolumn formatting (FMi)
\c@tracingmulticols=\count87
\mult@box=\box26
\multicol@leftmargin=\dimen103
\c@unbalance=\count88
\c@collectmore=\count89
\doublecol@number=\count90
\multicoltolerance=\count91
\multicolpretolerance=\count92
\full@width=\dimen104
\page@free=\dimen105
\premulticols=\dimen106
\postmulticols=\dimen107
\multicolsep=\skip43
\multicolbaselineskip=\skip44
\partial@page=\box27
\last@line=\box28
\maxbalancingoverflow=\dimen108
\mult@rightbox=\box29
\mult@grightbox=\box30
\mult@gfirstbox=\box31
\mult@firstbox=\box32
\@tempa=\box33
\@tempa=\box34
\@tempa=\box35
\@tempa=\box36
\@tempa=\box37
\@tempa=\box38
\@tempa=\box39
\@tempa=\box40
\@tempa=\box41
\@tempa=\box42
\@tempa=\box43
\@tempa=\box44
\@tempa=\box45
\@tempa=\box46
\@tempa=\box47
\@tempa=\box48
\@tempa=\box49
\c@columnbadness=\count93
\c@finalcolumnbadness=\count94
\last@try=\dimen109
\multicolovershoot=\dimen110
\multicolundershoot=\dimen111
\mult@nat@firstbox=\box50
\colbreak@box=\box51
\mc@col@check@num=\count95
)
("C:\Users\Alexandre\AppData\Local\Programs\MiKTeX 2.9\tex\latex\abstract\abstr
act.sty"
Package: abstract 2009/06/08 v1.2a configurable abstracts
\abstitleskip=\skip45
\absleftindent=\skip46
\absrightindent=\skip47
\absparindent=\skip48
\absparsep=\skip49
)
("C:\Users\Alexandre\AppData\Local\Programs\MiKTeX 2.9\tex\latex\float\float.st
y"
Package: float 2001/11/08 v1.3d Float enhancements (AL)
\c@float@type=\count96
\float@exts=\toks14
\float@box=\box52
\@float@everytoks=\toks15
\@floatcapt=\box53
)
("C:\Users\Alexandre\AppData\Local\Programs\MiKTeX 2.9\tex\latex\graphics\graph
icx.sty"
Package: graphicx 2014/10/28 v1.0g Enhanced LaTeX Graphics (DPC,SPQR)

("C:\Users\Alexandre\AppData\Local\Programs\MiKTeX 2.9\tex\latex\graphics\keyva
l.sty"
Package: keyval 2014/10/28 v1.15 key=value parser (DPC)
\KV@toks@=\toks16
)
("C:\Users\Alexandre\AppData\Local\Programs\MiKTeX 2.9\tex\latex\graphics\graph
ics.sty"
Package: graphics 2016/05/09 v1.0r Standard LaTeX Graphics (DPC,SPQR)

("C:\Users\Alexandre\AppData\Local\Programs\MiKTeX 2.9\tex\latex\graphics\trig.
sty"
Package: trig 2016/01/03 v1.10 sin cos tan (DPC)
)
("C:\Users\Alexandre\AppData\Local\Programs\MiKTeX 2.9\tex\latex\00miktex\graph
ics.cfg"
File: graphics.cfg 2016/01/02 v1.10 sample graphics configuration
)
Package graphics Info: Driver file: pdftex.def on input line 96.

("C:\Users\Alexandre\AppData\Local\Programs\MiKTeX 2.9\tex\latex\pdftex-def\pdf
tex.def"
File: pdftex.def 2011/05/27 v0.06d Graphics/color for pdfTeX

("C:\Users\Alexandre\AppData\Local\Programs\MiKTeX 2.9\tex\generic\oberdiek\inf
warerr.sty"
Package: infwarerr 2016/05/16 v1.4 Providing info/warning/error messages (HO)
)
("C:\Users\Alexandre\AppData\Local\Programs\MiKTeX 2.9\tex\generic\oberdiek\ltx
cmds.sty"
Package: ltxcmds 2016/05/16 v1.23 LaTeX kernel commands for general use (HO)
)
\Gread@gobject=\count97
))
\Gin@req@height=\dimen112
\Gin@req@width=\dimen113
)
("C:\Users\Alexandre\AppData\Local\Programs\MiKTeX 2.9\tex\latex\oberdiek\epsto
pdf.sty"
Package: epstopdf 2016/05/15 v2.6 Conversion with epstopdf on the fly (HO)

("C:\Users\Alexandre\AppData\Local\Programs\MiKTeX 2.9\tex\latex\oberdiek\epsto
pdf-base.sty"
Package: epstopdf-base 2016/05/15 v2.6 Base part for package epstopdf

("C:\Users\Alexandre\AppData\Local\Programs\MiKTeX 2.9\tex\latex\oberdiek\grfex
t.sty"
Package: grfext 2016/05/16 v1.2 Manage graphics extensions (HO)

("C:\Users\Alexandre\AppData\Local\Programs\MiKTeX 2.9\tex\generic\oberdiek\kvd
efinekeys.sty"
Package: kvdefinekeys 2016/05/16 v1.4 Define keys (HO)
))
("C:\Users\Alexandre\AppData\Local\Programs\MiKTeX 2.9\tex\latex\oberdiek\kvopt
ions.sty"
Package: kvoptions 2016/05/16 v3.12 Key value format for package options (HO)

("C:\Users\Alexandre\AppData\Local\Programs\MiKTeX 2.9\tex\generic\oberdiek\kvs
etkeys.sty"
Package: kvsetkeys 2016/05/16 v1.17 Key value parser (HO)

("C:\Users\Alexandre\AppData\Local\Programs\MiKTeX 2.9\tex\generic\oberdiek\ete
xcmds.sty"
Package: etexcmds 2016/05/16 v1.6 Avoid name clashes with e-TeX commands (HO)

("C:\Users\Alexandre\AppData\Local\Programs\MiKTeX 2.9\tex\generic\oberdiek\ifl
uatex.sty"
Package: ifluatex 2016/05/16 v1.4 Provides the ifluatex switch (HO)
Package ifluatex Info: LuaTeX not detected.
)
Package etexcmds Info: Could not find \expanded.
(etexcmds)             That can mean that you are not using pdfTeX 1.50 or
(etexcmds)             that some package has redefined \expanded.
(etexcmds)             In the latter case, load this package earlier.
)))
("C:\Users\Alexandre\AppData\Local\Programs\MiKTeX 2.9\tex\generic\oberdiek\pdf
texcmds.sty"
Package: pdftexcmds 2016/05/21 v0.22 Utility functions of pdfTeX for LuaTeX (HO
)

("C:\Users\Alexandre\AppData\Local\Programs\MiKTeX 2.9\tex\generic\oberdiek\ifp
df.sty"
Package: ifpdf 2016/05/14 v3.1 Provides the ifpdf switch
)
Package pdftexcmds Info: LuaTeX not detected.
Package pdftexcmds Info: \pdf@primitive is available.
Package pdftexcmds Info: \pdf@ifprimitive is available.
Package pdftexcmds Info: \pdfdraftmode found.
)
Package grfext Info: Graphics extension search list:
(grfext)             [.png,.pdf,.jpg,.mps,.jpeg,.jbig2,.jb2,.PNG,.PDF,.JPG,.JPE
G,.JBIG2,.JB2,.eps]
(grfext)             \AppendGraphicsExtensions on input line 456.
))
("C:\Users\Alexandre\AppData\Local\Programs\MiKTeX 2.9\tex\latex\graphics\epsfi
g.sty"
Package: epsfig 1999/02/16 v1.7a (e)psfig emulation (SPQR)
\epsfxsize=\dimen114
\epsfysize=\dimen115
)
("C:\Users\Alexandre\AppData\Local\Programs\MiKTeX 2.9\tex\latex\siunitx\siunit
x.sty"
("C:\Users\Alexandre\AppData\Local\Programs\MiKTeX 2.9\tex\latex\l3kernel\expl3
.sty"
Package: expl3 2016/05/18 v6512 L3 programming layer (loader) 

("C:\Users\Alexandre\AppData\Local\Programs\MiKTeX 2.9\tex\latex\l3kernel\expl3
-code.tex"
Package: expl3 2016/05/18 v6512 L3 programming layer (code)
L3 Module: l3bootstrap 2016/02/12 v6412 L3 Bootstrap code
L3 Module: l3names 2016/03/11 v6433 L3 Namespace for primitives
L3 Module: l3basics 2015/11/22 v6315 L3 Basic definitions
L3 Module: l3expan 2015/09/10 v5983 L3 Argument expansion
L3 Module: l3tl 2016/03/26 v6465 L3 Token lists
L3 Module: l3str 2016/03/24 v6441 L3 Strings
L3 Module: l3seq 2015/08/05 v5777 L3 Sequences and stacks
L3 Module: l3int 2016/03/24 v6441 L3 Integers
\c_max_int=\count98
\l_tmpa_int=\count99
\l_tmpb_int=\count100
\g_tmpa_int=\count101
\g_tmpb_int=\count102
L3 Module: l3quark 2015/08/17 v5855 L3 Quarks
L3 Module: l3prg 2015/11/01 v6216 L3 Control structures
\g__prg_map_int=\count103
L3 Module: l3clist 2015/09/02 v5901 L3 Comma separated lists
L3 Module: l3token 2016/04/03 v6470 L3 Experimental token manipulation
L3 Module: l3prop 2016/01/05 v6366 L3 Property lists
L3 Module: l3msg 2016/03/26 v6464 L3 Messages
L3 Module: l3file 2016/03/25 v6458 L3 File and I/O operations
\l_iow_line_count_int=\count104
\l__iow_target_count_int=\count105
\l__iow_current_line_int=\count106
\l__iow_current_word_int=\count107
\l__iow_current_indentation_int=\count108
L3 Module: l3skip 2016/01/05 v6366 L3 Dimensions and skips
\c_zero_dim=\dimen116
\c_max_dim=\dimen117
\l_tmpa_dim=\dimen118
\l_tmpb_dim=\dimen119
\g_tmpa_dim=\dimen120
\g_tmpb_dim=\dimen121
\c_zero_skip=\skip50
\c_max_skip=\skip51
\l_tmpa_skip=\skip52
\l_tmpb_skip=\skip53
\g_tmpa_skip=\skip54
\g_tmpb_skip=\skip55
\c_zero_muskip=\muskip10
\c_max_muskip=\muskip11
\l_tmpa_muskip=\muskip12
\l_tmpb_muskip=\muskip13
\g_tmpa_muskip=\muskip14
\g_tmpb_muskip=\muskip15
L3 Module: l3keys 2015/11/17 v6284 L3 Key-value interfaces
\g__keyval_level_int=\count109
\l_keys_choice_int=\count110
L3 Module: l3fp 2016/03/26 v6465 L3 Floating points
\c__fp_leading_shift_int=\count111
\c__fp_middle_shift_int=\count112
\c__fp_trailing_shift_int=\count113
\c__fp_big_leading_shift_int=\count114
\c__fp_big_middle_shift_int=\count115
\c__fp_big_trailing_shift_int=\count116
\c__fp_Bigg_leading_shift_int=\count117
\c__fp_Bigg_middle_shift_int=\count118
\c__fp_Bigg_trailing_shift_int=\count119
L3 Module: l3box 2015/08/09 v5822 L3 Experimental boxes
\c_empty_box=\box54
\l_tmpa_box=\box55
\l_tmpb_box=\box56
\g_tmpa_box=\box57
\g_tmpb_box=\box58
L3 Module: l3coffins 2016/05/17 v6508 L3 Coffin code layer
\l__coffin_internal_box=\box59
\l__coffin_internal_dim=\dimen122
\l__coffin_offset_x_dim=\dimen123
\l__coffin_offset_y_dim=\dimen124
\l__coffin_x_dim=\dimen125
\l__coffin_y_dim=\dimen126
\l__coffin_x_prime_dim=\dimen127
\l__coffin_y_prime_dim=\dimen128
\c_empty_coffin=\box60
\l__coffin_aligned_coffin=\box61
\l__coffin_aligned_internal_coffin=\box62
\l_tmpa_coffin=\box63
\l_tmpb_coffin=\box64
\l__coffin_display_coffin=\box65
\l__coffin_display_coord_coffin=\box66
\l__coffin_display_pole_coffin=\box67
\l__coffin_display_offset_dim=\dimen129
\l__coffin_display_x_dim=\dimen130
\l__coffin_display_y_dim=\dimen131
L3 Module: l3color 2014/08/23 v5354 L3 Experimental color support
L3 Module: l3sys 2015/09/25 v6087 L3 Experimental system/runtime functions
L3 Module: l3candidates 2016/05/13 v6484 L3 Experimental additions to l3kernel
\l__box_top_dim=\dimen132
\l__box_bottom_dim=\dimen133
\l__box_left_dim=\dimen134
\l__box_right_dim=\dimen135
\l__box_top_new_dim=\dimen136
\l__box_bottom_new_dim=\dimen137
\l__box_left_new_dim=\dimen138
\l__box_right_new_dim=\dimen139
\l__box_internal_box=\box68
\l__coffin_bounding_shift_dim=\dimen140
\l__coffin_left_corner_dim=\dimen141
\l__coffin_right_corner_dim=\dimen142
\l__coffin_bottom_corner_dim=\dimen143
\l__coffin_top_corner_dim=\dimen144
\l__coffin_scaled_total_height_dim=\dimen145
\l__coffin_scaled_width_dim=\dimen146
L3 Module: l3luatex 2016/03/26 v6465 L3 Experimental LuaTeX-specific functions
)
("C:\Users\Alexandre\AppData\Local\Programs\MiKTeX 2.9\tex\latex\l3kernel\l3pdf
mode.def"
File: l3pdfmode.def 2016/03/26 v6465 L3 Experimental driver: PDF mode
\l__driver_color_stack_int=\count120
\l__driver_tmp_box=\box69
))
("C:\Users\Alexandre\AppData\Local\Programs\MiKTeX 2.9\tex\latex\l3packages\xpa
rse\xparse.sty"
Package: xparse 2016/05/18 v6512 L3 Experimental document command parser
\l__xparse_current_arg_int=\count121
\l__xparse_m_args_int=\count122
\l__xparse_mandatory_args_int=\count123
\l__xparse_processor_int=\count124
\l__xparse_v_nesting_int=\count125
)
Package: siunitx 2016/03/01 v2.6q A comprehensive (SI) units package

("C:\Users\Alexandre\AppData\Local\Programs\MiKTeX 2.9\tex\latex\amsmath\amstex
t.sty"
Package: amstext 2000/06/29 v2.01 AMS text

("C:\Users\Alexandre\AppData\Local\Programs\MiKTeX 2.9\tex\latex\amsmath\amsgen
.sty"
File: amsgen.sty 1999/11/30 v2.0 generic functions
\@emptytoks=\toks17
\ex@=\dimen147
))
("C:\Users\Alexandre\AppData\Local\Programs\MiKTeX 2.9\tex\latex\tools\array.st
y"
Package: array 2014/10/28 v2.4c Tabular extension package (FMi)
\col@sep=\dimen148
\extrarowheight=\dimen149
\NC@list=\toks18
\extratabsurround=\skip56
\backup@length=\skip57
)
("C:\Users\Alexandre\AppData\Local\Programs\MiKTeX 2.9\tex\latex\l3packages\l3k
eys2e\l3keys2e.sty"
Package: l3keys2e 2016/05/18 v6512 LaTeX2e option processing using LaTeX3 keys
)
\l__siunitx_tmp_box=\box70
\l__siunitx_tmp_dim=\dimen150
\l__siunitx_tmp_int=\count126
\l__siunitx_number_mantissa_length_int=\count127
\l__siunitx_number_uncert_length_int=\count128
\l__siunitx_round_int=\count129
\l__siunitx_process_decimal_int=\count130
\l__siunitx_process_uncertainty_int=\count131
\l__siunitx_process_fixed_int=\count132
\l__siunitx_process_integer_min_int=\count133
\l__siunitx_process_precision_int=\count134
\l__siunitx_group_min_int=\count135
\l__siunitx_angle_marker_box=\box71
\l__siunitx_angle_unit_box=\box72
\l__siunitx_angle_marker_dim=\dimen151
\l__siunitx_angle_unit_dim=\dimen152
\l__siunitx_unit_int=\count136
\l__siunitx_unit_denominator_int=\count137
\l__siunitx_unit_numerator_int=\count138
\l__siunitx_unit_prefix_int=\count139
\l__siunitx_unit_prefix_base_int=\count140
\l__siunitx_unit_prefix_gram_int=\count141
\l__siunitx_number_product_int=\count142
\c__siunitx_one_fill_skip=\skip58
\l__siunitx_table_unit_align_skip=\skip59
\l__siunitx_table_exponent_dim=\dimen153
\l__siunitx_table_integer_dim=\dimen154
\l__siunitx_table_mantissa_dim=\dimen155
\l__siunitx_table_marker_dim=\dimen156
\l__siunitx_table_result_dim=\dimen157
\l__siunitx_table_uncert_dim=\dimen158
\l__siunitx_table_fill_pre_dim=\dimen159
\l__siunitx_table_fill_post_dim=\dimen160
\l__siunitx_table_fill_mid_dim=\dimen161
\l__siunitx_table_pre_box=\box73
\l__siunitx_table_post_box=\box74
\l__siunitx_table_mantissa_box=\box75
\l__siunitx_table_result_box=\box76
\l__siunitx_table_number_align_skip=\skip60
\l__siunitx_table_text_align_skip=\skip61
.................................................
. LaTeX info: "xparse/define-command"
. 
. Defining command \DeclareBinaryPrefix with sig. 'mmm' on line 7218.
.................................................
.................................................
. LaTeX info: "xparse/define-command"
. 
. Defining command \DeclareSIPostPower with sig. 'mm' on line 7221.
.................................................
.................................................
. LaTeX info: "xparse/define-command"
. 
. Defining command \DeclareSIPrefix with sig. 'mmm' on line 7224.
.................................................
.................................................
. LaTeX info: "xparse/define-command"
. 
. Defining command \DeclareSIPrePower with sig. 'mm' on line 7227.
.................................................
.................................................
. LaTeX info: "xparse/define-command"
. 
. Defining command \DeclareSIQualifier with sig. 'mm' on line 7230.
.................................................
.................................................
. LaTeX info: "xparse/define-command"
. 
. Defining command \DeclareSIUnit with sig. 'O{}mm' on line 7233.
.................................................
.................................................
. LaTeX info: "xparse/define-command"
. 
. Defining command \DeclareSIUnitWithOptions with sig. 'mmm' on line 7236.
.................................................
.................................................
. LaTeX info: "xparse/define-command"
. 
. Defining command \ang with sig. 'o>{\SplitArgument {2}{;}}m' on line 7251.
.................................................
.................................................
. LaTeX info: "xparse/define-command"
. 
. Defining command \num with sig. 'om' on line 7260.
.................................................
.................................................
. LaTeX info: "xparse/define-command"
. 
. Defining command \numlist with sig. 'o>{\SplitList {;}}m' on line 7269.
.................................................
.................................................
. LaTeX info: "xparse/define-command"
. 
. Defining command \numrange with sig. 'omm' on line 7278.
.................................................
.................................................
. LaTeX info: "xparse/define-command"
. 
. Defining command \SIlist with sig. 'o>{\SplitList {;}}mm' on line 7290.
.................................................
.................................................
. LaTeX info: "xparse/define-command"
. 
. Defining command \SIrange with sig. 'ommm' on line 7302.
.................................................
.................................................
. LaTeX info: "xparse/define-command"
. 
. Defining command \SI with sig. 'omom' on line 7314.
.................................................
.................................................
. LaTeX info: "xparse/define-command"
. 
. Defining command \sisetup with sig. 'm' on line 7317.
.................................................
.................................................
. LaTeX info: "xparse/define-command"
. 
. Defining command \tablenum with sig. 'om' on line 7332.
.................................................
.................................................
. LaTeX info: "xparse/define-command"
. 
. Defining command \si with sig. 'om' on line 7344.
.................................................
.................................................
. LaTeX info: "xparse/define-command"
. 
. Defining command \__siunitx_bookmark_num:w with sig. 'om' on line 7391.
.................................................
.................................................
. LaTeX info: "xparse/define-command"
. 
. Defining command \__siunitx_bookmark_numrange:w with sig. 'omm' on line
. 7393.
.................................................
.................................................
. LaTeX info: "xparse/define-command"
. 
. Defining command \__siunitx_bookmark_SI:w with sig. 'omom' on line 7395.
.................................................
.................................................
. LaTeX info: "xparse/define-command"
. 
. Defining command \__siunitx_bookmark_SIlist:w with sig. 'omm' on line 7397.
.................................................
.................................................
. LaTeX info: "xparse/define-command"
. 
. Defining command \__siunitx_bookmark_SIrange:w with sig. 'ommm' on line
. 7399.
.................................................
.................................................
. LaTeX info: "xparse/define-command"
. 
. Defining command \__siunitx_bookmark_si:w with sig. 'om' on line 7400.
.................................................
\g__file_internal_ior=\read1

("C:\Users\Alexandre\AppData\Local\Programs\MiKTeX 2.9\tex\latex\beamer\base\tr
anslator\translator.sty"
Package: translator 2010/06/12 ver 1.10

("C:\Users\Alexandre\AppData\Local\Programs\MiKTeX 2.9\tex\latex\beamer\base\tr
anslator\translator-language-mappings.tex")))
("C:\Users\Alexandre\AppData\Local\Programs\MiKTeX 2.9\tex\latex\blindtext\blin
dtext.sty"
Package: blindtext 2012/01/06 V2.0 blindtext-Package

("C:\Users\Alexandre\AppData\Local\Programs\MiKTeX 2.9\tex\latex\tools\xspace.s
ty"
Package: xspace 2014/10/28 v1.13 Space after command names (DPC,MH)
)
\c@blindtext=\count143
\c@Blindtext=\count144
\c@blind@countparstart=\count145
\blind@countxx=\count146
\blindtext@numBlindtext=\count147
\blind@countyy=\count148
\c@blindlist=\count149
\c@blindlistlevel=\count150
\c@blindlist@level=\count151
\blind@listitem=\count152
\c@blind@listcount=\count153
\c@blind@levelcount=\count154
\blind@mathformula=\count155
\blind@Mathformula=\count156
\c@blind@randomcount=\count157
\c@blind@randommax=\count158
\c@blind@pangramcount=\count159
\c@blind@pangrammax=\count160
)
("C:\Users\Alexandre\AppData\Local\Programs\MiKTeX 2.9\tex\latex\titlesec\title
sec.sty"
Package: titlesec 2016/03/21 v2.10.2 Sectioning titles
\ttl@box=\box77
\beforetitleunit=\skip62
\aftertitleunit=\skip63
\ttl@plus=\dimen162
\ttl@minus=\dimen163
\ttl@toksa=\toks19
\titlewidth=\dimen164
\titlewidthlast=\dimen165
\titlewidthfirst=\dimen166
)
("C:\Users\Alexandre\AppData\Local\Programs\MiKTeX 2.9\tex\latex\paralist\paral
ist.sty"
Package: paralist 2015/12/30 v2.5 Extended list environments
\pltopsep=\skip64
\plpartopsep=\skip65
\plitemsep=\skip66
\plparsep=\skip67
\pl@lab=\toks20
)
("C:\Users\Alexandre\AppData\Local\Programs\MiKTeX 2.9\tex\latex\cite\cite.sty"
LaTeX Info: Redefining \cite on input line 302.
LaTeX Info: Redefining \nocite on input line 332.
Package: cite 2015/02/27  v 5.5
)
("C:\Users\Alexandre\AppData\Local\Programs\MiKTeX 2.9\tex\latex\tools\longtabl
e.sty"
Package: longtable 2014/10/28 v4.11 Multi-page Table package (DPC)
\LTleft=\skip68
\LTright=\skip69
\LTpre=\skip70
\LTpost=\skip71
\LTchunksize=\count161
\LTcapwidth=\dimen167
\LT@head=\box78
\LT@firsthead=\box79
\LT@foot=\box80
\LT@lastfoot=\box81
\LT@cols=\count162
\LT@rows=\count163
\c@LT@tables=\count164
\c@LT@chunks=\count165
\LT@p@ftn=\toks21
)
("C:\Users\Alexandre\AppData\Local\Programs\MiKTeX 2.9\tex\latex\graphics\color
.sty"
Package: color 2016/05/09 v1.1c Standard LaTeX Color (DPC)

("C:\Users\Alexandre\AppData\Local\Programs\MiKTeX 2.9\tex\latex\00miktex\color
.cfg"
File: color.cfg 2016/01/02 v1.6 sample color configuration
)
Package color Info: Driver file: pdftex.def on input line 144.
)
("C:\Users\Alexandre\AppData\Local\Programs\MiKTeX 2.9\tex\latex\wrapfig\wrapfi
g.sty"
\wrapoverhang=\dimen168
\WF@size=\dimen169
\c@WF@wrappedlines=\count166
\WF@box=\box82
\WF@everypar=\toks22
Package: wrapfig 2003/01/31  v 3.6
)
("C:\Users\Alexandre\AppData\Local\Programs\MiKTeX 2.9\tex\latex\eurosym\eurosy
m.sty"
Package: eurosym 1998/08/06 v1.1 European currency symbol ``Euro''
\@eurobox=\box83
)
("C:\Users\Alexandre\AppData\Local\Programs\MiKTeX 2.9\tex\latex\booktabs\bookt
abs.sty"
Package: booktabs 2005/04/14 v1.61803 publication quality tables
\heavyrulewidth=\dimen170
\lightrulewidth=\dimen171
\cmidrulewidth=\dimen172
\belowrulesep=\dimen173
\belowbottomsep=\dimen174
\aboverulesep=\dimen175
\abovetopsep=\dimen176
\cmidrulesep=\dimen177
\cmidrulekern=\dimen178
\defaultaddspace=\dimen179
\@cmidla=\count167
\@cmidlb=\count168
\@aboverulesep=\dimen180
\@belowrulesep=\dimen181
\@thisruleclass=\count169
\@lastruleclass=\count170
\@thisrulewidth=\dimen182
)
("C:\Users\Alexandre\AppData\Local\Programs\MiKTeX 2.9\tex\latex\fancyhdr\fancy
hdr.sty"
\fancy@headwidth=\skip72
\f@ncyO@elh=\skip73
\f@ncyO@erh=\skip74
\f@ncyO@olh=\skip75
\f@ncyO@orh=\skip76
\f@ncyO@elf=\skip77
\f@ncyO@erf=\skip78
\f@ncyO@olf=\skip79
\f@ncyO@orf=\skip80
)
("C:\Users\Alexandre\AppData\Local\Programs\MiKTeX 2.9\tex\latex\pgf\frontendla
yer\tikz.sty"
("C:\Users\Alexandre\AppData\Local\Programs\MiKTeX 2.9\tex\latex\pgf\basiclayer
\pgf.sty"
("C:\Users\Alexandre\AppData\Local\Programs\MiKTeX 2.9\tex\latex\pgf\utilities\
pgfrcs.sty"
("C:\Users\Alexandre\AppData\Local\Programs\MiKTeX 2.9\tex\generic\pgf\utilitie
s\pgfutil-common.tex"
\pgfutil@everybye=\toks23
\pgfutil@tempdima=\dimen183
\pgfutil@tempdimb=\dimen184

("C:\Users\Alexandre\AppData\Local\Programs\MiKTeX 2.9\tex\generic\pgf\utilitie
s\pgfutil-common-lists.tex"))
("C:\Users\Alexandre\AppData\Local\Programs\MiKTeX 2.9\tex\generic\pgf\utilitie
s\pgfutil-latex.def"
\pgfutil@abb=\box84

("C:\Users\Alexandre\AppData\Local\Programs\MiKTeX 2.9\tex\latex\ms\everyshi.st
y"
Package: everyshi 2001/05/15 v3.00 EveryShipout Package (MS)
))
("C:\Users\Alexandre\AppData\Local\Programs\MiKTeX 2.9\tex\generic\pgf\utilitie
s\pgfrcs.code.tex"
Package: pgfrcs 2015/08/07 v3.0.1a (rcs-revision 1.31)
))
Package: pgf 2015/08/07 v3.0.1a (rcs-revision 1.15)

("C:\Users\Alexandre\AppData\Local\Programs\MiKTeX 2.9\tex\latex\pgf\basiclayer
\pgfcore.sty"
("C:\Users\Alexandre\AppData\Local\Programs\MiKTeX 2.9\tex\latex\pgf\systemlaye
r\pgfsys.sty"
("C:\Users\Alexandre\AppData\Local\Programs\MiKTeX 2.9\tex\generic\pgf\systemla
yer\pgfsys.code.tex"
Package: pgfsys 2014/07/09 v3.0.1a (rcs-revision 1.48)

("C:\Users\Alexandre\AppData\Local\Programs\MiKTeX 2.9\tex\generic\pgf\utilitie
s\pgfkeys.code.tex"
\pgfkeys@pathtoks=\toks24
\pgfkeys@temptoks=\toks25

("C:\Users\Alexandre\AppData\Local\Programs\MiKTeX 2.9\tex\generic\pgf\utilitie
s\pgfkeysfiltered.code.tex"
\pgfkeys@tmptoks=\toks26
))
\pgf@x=\dimen185
\pgf@y=\dimen186
\pgf@xa=\dimen187
\pgf@ya=\dimen188
\pgf@xb=\dimen189
\pgf@yb=\dimen190
\pgf@xc=\dimen191
\pgf@yc=\dimen192
\w@pgf@writea=\write3
\r@pgf@reada=\read2
\c@pgf@counta=\count171
\c@pgf@countb=\count172
\c@pgf@countc=\count173
\c@pgf@countd=\count174
\t@pgf@toka=\toks27
\t@pgf@tokb=\toks28
\t@pgf@tokc=\toks29

("C:\Users\Alexandre\AppData\Local\Programs\MiKTeX 2.9\tex\generic\pgf\systemla
yer\pgf.cfg"
File: pgf.cfg 2008/05/14  (rcs-revision 1.7)
)
Driver file for pgf: pgfsys-pdftex.def

("C:\Users\Alexandre\AppData\Local\Programs\MiKTeX 2.9\tex\generic\pgf\systemla
yer\pgfsys-pdftex.def"
File: pgfsys-pdftex.def 2014/10/11  (rcs-revision 1.35)

("C:\Users\Alexandre\AppData\Local\Programs\MiKTeX 2.9\tex\generic\pgf\systemla
yer\pgfsys-common-pdf.def"
File: pgfsys-common-pdf.def 2013/10/10  (rcs-revision 1.13)
)))
("C:\Users\Alexandre\AppData\Local\Programs\MiKTeX 2.9\tex\generic\pgf\systemla
yer\pgfsyssoftpath.code.tex"
File: pgfsyssoftpath.code.tex 2013/09/09  (rcs-revision 1.9)
\pgfsyssoftpath@smallbuffer@items=\count175
\pgfsyssoftpath@bigbuffer@items=\count176
)
("C:\Users\Alexandre\AppData\Local\Programs\MiKTeX 2.9\tex\generic\pgf\systemla
yer\pgfsysprotocol.code.tex"
File: pgfsysprotocol.code.tex 2006/10/16  (rcs-revision 1.4)
))
("C:\Users\Alexandre\AppData\Local\Programs\MiKTeX 2.9\tex\latex\xcolor\xcolor.
sty"
Package: xcolor 2016/05/11 v2.12 LaTeX color extensions (UK)

("C:\Users\Alexandre\AppData\Local\Programs\MiKTeX 2.9\tex\latex\00miktex\color
.cfg"
File: color.cfg 2016/01/02 v1.6 sample color configuration
)
Package xcolor Info: Driver file: pdftex.def on input line 225.
LaTeX Info: Redefining \color on input line 709.
Package xcolor Info: Model `cmy' substituted by `cmy0' on input line 1348.
Package xcolor Info: Model `hsb' substituted by `rgb' on input line 1352.
Package xcolor Info: Model `RGB' extended on input line 1364.
Package xcolor Info: Model `HTML' substituted by `rgb' on input line 1366.
Package xcolor Info: Model `Hsb' substituted by `hsb' on input line 1367.
Package xcolor Info: Model `tHsb' substituted by `hsb' on input line 1368.
Package xcolor Info: Model `HSB' substituted by `hsb' on input line 1369.
Package xcolor Info: Model `Gray' substituted by `gray' on input line 1370.
Package xcolor Info: Model `wave' substituted by `hsb' on input line 1371.
)
("C:\Users\Alexandre\AppData\Local\Programs\MiKTeX 2.9\tex\generic\pgf\basiclay
er\pgfcore.code.tex"
Package: pgfcore 2010/04/11 v3.0.1a (rcs-revision 1.7)

("C:\Users\Alexandre\AppData\Local\Programs\MiKTeX 2.9\tex\generic\pgf\math\pgf
math.code.tex"
("C:\Users\Alexandre\AppData\Local\Programs\MiKTeX 2.9\tex\generic\pgf\math\pgf
mathcalc.code.tex"
("C:\Users\Alexandre\AppData\Local\Programs\MiKTeX 2.9\tex\generic\pgf\math\pgf
mathutil.code.tex")
("C:\Users\Alexandre\AppData\Local\Programs\MiKTeX 2.9\tex\generic\pgf\math\pgf
mathparser.code.tex"
\pgfmath@dimen=\dimen193
\pgfmath@count=\count177
\pgfmath@box=\box85
\pgfmath@toks=\toks30
\pgfmath@stack@operand=\toks31
\pgfmath@stack@operation=\toks32
)
("C:\Users\Alexandre\AppData\Local\Programs\MiKTeX 2.9\tex\generic\pgf\math\pgf
mathfunctions.code.tex"
("C:\Users\Alexandre\AppData\Local\Programs\MiKTeX 2.9\tex\generic\pgf\math\pgf
mathfunctions.basic.code.tex")
("C:\Users\Alexandre\AppData\Local\Programs\MiKTeX 2.9\tex\generic\pgf\math\pgf
mathfunctions.trigonometric.code.tex")
("C:\Users\Alexandre\AppData\Local\Programs\MiKTeX 2.9\tex\generic\pgf\math\pgf
mathfunctions.random.code.tex")
("C:\Users\Alexandre\AppData\Local\Programs\MiKTeX 2.9\tex\generic\pgf\math\pgf
mathfunctions.comparison.code.tex")
("C:\Users\Alexandre\AppData\Local\Programs\MiKTeX 2.9\tex\generic\pgf\math\pgf
mathfunctions.base.code.tex")
("C:\Users\Alexandre\AppData\Local\Programs\MiKTeX 2.9\tex\generic\pgf\math\pgf
mathfunctions.round.code.tex")
("C:\Users\Alexandre\AppData\Local\Programs\MiKTeX 2.9\tex\generic\pgf\math\pgf
mathfunctions.misc.code.tex")
("C:\Users\Alexandre\AppData\Local\Programs\MiKTeX 2.9\tex\generic\pgf\math\pgf
mathfunctions.integerarithmetics.code.tex")))
("C:\Users\Alexandre\AppData\Local\Programs\MiKTeX 2.9\tex\generic\pgf\math\pgf
mathfloat.code.tex"
\c@pgfmathroundto@lastzeros=\count178
))
("C:\Users\Alexandre\AppData\Local\Programs\MiKTeX 2.9\tex\generic\pgf\basiclay
er\pgfcorepoints.code.tex"
File: pgfcorepoints.code.tex 2013/10/07  (rcs-revision 1.27)
\pgf@picminx=\dimen194
\pgf@picmaxx=\dimen195
\pgf@picminy=\dimen196
\pgf@picmaxy=\dimen197
\pgf@pathminx=\dimen198
\pgf@pathmaxx=\dimen199
\pgf@pathminy=\dimen256
\pgf@pathmaxy=\dimen257
\pgf@xx=\dimen258
\pgf@xy=\dimen259
\pgf@yx=\dimen260
\pgf@yy=\dimen261
\pgf@zx=\dimen262
\pgf@zy=\dimen263
)
("C:\Users\Alexandre\AppData\Local\Programs\MiKTeX 2.9\tex\generic\pgf\basiclay
er\pgfcorepathconstruct.code.tex"
File: pgfcorepathconstruct.code.tex 2013/10/07  (rcs-revision 1.29)
\pgf@path@lastx=\dimen264
\pgf@path@lasty=\dimen265
)
("C:\Users\Alexandre\AppData\Local\Programs\MiKTeX 2.9\tex\generic\pgf\basiclay
er\pgfcorepathusage.code.tex"
File: pgfcorepathusage.code.tex 2014/11/02  (rcs-revision 1.24)
\pgf@shorten@end@additional=\dimen266
\pgf@shorten@start@additional=\dimen267
)
("C:\Users\Alexandre\AppData\Local\Programs\MiKTeX 2.9\tex\generic\pgf\basiclay
er\pgfcorescopes.code.tex"
File: pgfcorescopes.code.tex 2015/05/08  (rcs-revision 1.46)
\pgfpic=\box86
\pgf@hbox=\box87
\pgf@layerbox@main=\box88
\pgf@picture@serial@count=\count179
)
("C:\Users\Alexandre\AppData\Local\Programs\MiKTeX 2.9\tex\generic\pgf\basiclay
er\pgfcoregraphicstate.code.tex"
File: pgfcoregraphicstate.code.tex 2014/11/02  (rcs-revision 1.12)
\pgflinewidth=\dimen268
)
("C:\Users\Alexandre\AppData\Local\Programs\MiKTeX 2.9\tex\generic\pgf\basiclay
er\pgfcoretransformations.code.tex"
File: pgfcoretransformations.code.tex 2015/08/07  (rcs-revision 1.20)
\pgf@pt@x=\dimen269
\pgf@pt@y=\dimen270
\pgf@pt@temp=\dimen271
)
("C:\Users\Alexandre\AppData\Local\Programs\MiKTeX 2.9\tex\generic\pgf\basiclay
er\pgfcorequick.code.tex"
File: pgfcorequick.code.tex 2008/10/09  (rcs-revision 1.3)
)
("C:\Users\Alexandre\AppData\Local\Programs\MiKTeX 2.9\tex\generic\pgf\basiclay
er\pgfcoreobjects.code.tex"
File: pgfcoreobjects.code.tex 2006/10/11  (rcs-revision 1.2)
)
("C:\Users\Alexandre\AppData\Local\Programs\MiKTeX 2.9\tex\generic\pgf\basiclay
er\pgfcorepathprocessing.code.tex"
File: pgfcorepathprocessing.code.tex 2013/09/09  (rcs-revision 1.9)
)
("C:\Users\Alexandre\AppData\Local\Programs\MiKTeX 2.9\tex\generic\pgf\basiclay
er\pgfcorearrows.code.tex"
File: pgfcorearrows.code.tex 2015/05/14  (rcs-revision 1.43)
\pgfarrowsep=\dimen272
)
("C:\Users\Alexandre\AppData\Local\Programs\MiKTeX 2.9\tex\generic\pgf\basiclay
er\pgfcoreshade.code.tex"
File: pgfcoreshade.code.tex 2013/07/15  (rcs-revision 1.15)
\pgf@max=\dimen273
\pgf@sys@shading@range@num=\count180
)
("C:\Users\Alexandre\AppData\Local\Programs\MiKTeX 2.9\tex\generic\pgf\basiclay
er\pgfcoreimage.code.tex"
File: pgfcoreimage.code.tex 2013/07/15  (rcs-revision 1.18)

("C:\Users\Alexandre\AppData\Local\Programs\MiKTeX 2.9\tex\generic\pgf\basiclay
er\pgfcoreexternal.code.tex"
File: pgfcoreexternal.code.tex 2014/07/09  (rcs-revision 1.21)
\pgfexternal@startupbox=\box89
))
("C:\Users\Alexandre\AppData\Local\Programs\MiKTeX 2.9\tex\generic\pgf\basiclay
er\pgfcorelayers.code.tex"
File: pgfcorelayers.code.tex 2013/07/18  (rcs-revision 1.7)
)
("C:\Users\Alexandre\AppData\Local\Programs\MiKTeX 2.9\tex\generic\pgf\basiclay
er\pgfcoretransparency.code.tex"
File: pgfcoretransparency.code.tex 2013/09/30  (rcs-revision 1.5)
)
("C:\Users\Alexandre\AppData\Local\Programs\MiKTeX 2.9\tex\generic\pgf\basiclay
er\pgfcorepatterns.code.tex"
File: pgfcorepatterns.code.tex 2013/11/07  (rcs-revision 1.5)
)))
("C:\Users\Alexandre\AppData\Local\Programs\MiKTeX 2.9\tex\generic\pgf\modules\
pgfmoduleshapes.code.tex"
File: pgfmoduleshapes.code.tex 2014/03/21  (rcs-revision 1.35)
\pgfnodeparttextbox=\box90
)
("C:\Users\Alexandre\AppData\Local\Programs\MiKTeX 2.9\tex\generic\pgf\modules\
pgfmoduleplot.code.tex"
File: pgfmoduleplot.code.tex 2015/08/03  (rcs-revision 1.13)
)
("C:\Users\Alexandre\AppData\Local\Programs\MiKTeX 2.9\tex\latex\pgf\compatibil
ity\pgfcomp-version-0-65.sty"
Package: pgfcomp-version-0-65 2007/07/03 v3.0.1a (rcs-revision 1.7)
\pgf@nodesepstart=\dimen274
\pgf@nodesepend=\dimen275
)
("C:\Users\Alexandre\AppData\Local\Programs\MiKTeX 2.9\tex\latex\pgf\compatibil
ity\pgfcomp-version-1-18.sty"
Package: pgfcomp-version-1-18 2007/07/23 v3.0.1a (rcs-revision 1.1)
))
("C:\Users\Alexandre\AppData\Local\Programs\MiKTeX 2.9\tex\latex\pgf\utilities\
pgffor.sty"
("C:\Users\Alexandre\AppData\Local\Programs\MiKTeX 2.9\tex\latex\pgf\utilities\
pgfkeys.sty"
("C:\Users\Alexandre\AppData\Local\Programs\MiKTeX 2.9\tex\generic\pgf\utilitie
s\pgfkeys.code.tex"))
("C:\Users\Alexandre\AppData\Local\Programs\MiKTeX 2.9\tex\latex\pgf\math\pgfma
th.sty"
("C:\Users\Alexandre\AppData\Local\Programs\MiKTeX 2.9\tex\generic\pgf\math\pgf
math.code.tex"))
("C:\Users\Alexandre\AppData\Local\Programs\MiKTeX 2.9\tex\generic\pgf\utilitie
s\pgffor.code.tex"
Package: pgffor 2013/12/13 v3.0.1a (rcs-revision 1.25)

("C:\Users\Alexandre\AppData\Local\Programs\MiKTeX 2.9\tex\generic\pgf\math\pgf
math.code.tex")
\pgffor@iter=\dimen276
\pgffor@skip=\dimen277
\pgffor@stack=\toks33
\pgffor@toks=\toks34
))
("C:\Users\Alexandre\AppData\Local\Programs\MiKTeX 2.9\tex\generic\pgf\frontend
layer\tikz\tikz.code.tex"
Package: tikz 2015/08/07 v3.0.1a (rcs-revision 1.151)

("C:\Users\Alexandre\AppData\Local\Programs\MiKTeX 2.9\tex\generic\pgf\librarie
s\pgflibraryplothandlers.code.tex"
File: pgflibraryplothandlers.code.tex 2013/08/31 v3.0.1a (rcs-revision 1.20)
\pgf@plot@mark@count=\count181
\pgfplotmarksize=\dimen278
)
\tikz@lastx=\dimen279
\tikz@lasty=\dimen280
\tikz@lastxsaved=\dimen281
\tikz@lastysaved=\dimen282
\tikzleveldistance=\dimen283
\tikzsiblingdistance=\dimen284
\tikz@figbox=\box91
\tikz@figbox@bg=\box92
\tikz@tempbox=\box93
\tikz@tempbox@bg=\box94
\tikztreelevel=\count182
\tikznumberofchildren=\count183
\tikznumberofcurrentchild=\count184
\tikz@fig@count=\count185

("C:\Users\Alexandre\AppData\Local\Programs\MiKTeX 2.9\tex\generic\pgf\modules\
pgfmodulematrix.code.tex"
File: pgfmodulematrix.code.tex 2013/09/17  (rcs-revision 1.8)
\pgfmatrixcurrentrow=\count186
\pgfmatrixcurrentcolumn=\count187
\pgf@matrix@numberofcolumns=\count188
)
\tikz@expandcount=\count189

("C:\Users\Alexandre\AppData\Local\Programs\MiKTeX 2.9\tex\generic\pgf\frontend
layer\tikz\libraries\tikzlibrarytopaths.code.tex"
File: tikzlibrarytopaths.code.tex 2008/06/17 v3.0.1a (rcs-revision 1.2)
)))
("C:\Users\Alexandre\AppData\Local\Programs\MiKTeX 2.9\tex\latex\pgfplots\pgfpl
ots.sty"
("C:\Users\Alexandre\AppData\Local\Programs\MiKTeX 2.9\tex\generic\pgfplots\pgf
plots.revision.tex")
Package: pgfplots 2016/01/06 v1.13 Data Visualization (1.13)

("C:\Users\Alexandre\AppData\Local\Programs\MiKTeX 2.9\tex\generic\pgfplots\pgf
plots.code.tex"
("C:\Users\Alexandre\AppData\Local\Programs\MiKTeX 2.9\tex\generic\pgfplots\pgf
plotscore.code.tex"
\t@pgfplots@toka=\toks35
\t@pgfplots@tokb=\toks36
\t@pgfplots@tokc=\toks37
\pgfplots@tmpa=\dimen285
\c@pgfplots@coordindex=\count190
\c@pgfplots@scanlineindex=\count191

("C:\Users\Alexandre\AppData\Local\Programs\MiKTeX 2.9\tex\generic\pgfplots\sys
\pgfplotssysgeneric.code.tex"))
("C:\Users\Alexandre\AppData\Local\Programs\MiKTeX 2.9\tex\generic\pgfplots\lib
s\pgfplotslibrary.code.tex")
("C:\Users\Alexandre\AppData\Local\Programs\MiKTeX 2.9\tex\generic\pgfplots\old
pgfcompatib\pgfplotsoldpgfsupp_loader.code.tex"
("C:\Users\Alexandre\AppData\Local\Programs\MiKTeX 2.9\tex\generic\pgf\librarie
s\pgflibraryfpu.code.tex")
Package pgfplots: loading complementary arithmetics for your pgf version...

("C:\Users\Alexandre\AppData\Local\Programs\MiKTeX 2.9\tex\generic\pgfplots\old
pgfcompatib\pgfplotsoldpgfsupp_pgflibraryfpu.code.tex")
("C:\Users\Alexandre\AppData\Local\Programs\MiKTeX 2.9\tex\generic\pgfplots\old
pgfcompatib\pgfplotsoldpgfsupp_pgfmathfloat.code.tex"
\c@pgfmathroundto@lastzeros=\count192
))
("C:\Users\Alexandre\AppData\Local\Programs\MiKTeX 2.9\tex\generic\pgfplots\uti
l\pgfplotsutil.code.tex"
("C:\Users\Alexandre\AppData\Local\Programs\MiKTeX 2.9\tex\generic\pgfplots\lis
tstructure\pgfplotsliststructure.code.tex")
("C:\Users\Alexandre\AppData\Local\Programs\MiKTeX 2.9\tex\generic\pgfplots\lis
tstructure\pgfplotsliststructureext.code.tex")
("C:\Users\Alexandre\AppData\Local\Programs\MiKTeX 2.9\tex\generic\pgfplots\lis
tstructure\pgfplotsarray.code.tex"
\c@pgfplotsarray@tmp=\count193
)
("C:\Users\Alexandre\AppData\Local\Programs\MiKTeX 2.9\tex\generic\pgfplots\lis
tstructure\pgfplotsmatrix.code.tex")
("C:\Users\Alexandre\AppData\Local\Programs\MiKTeX 2.9\tex\generic\pgfplots\num
table\pgfplotstableshared.code.tex"
\c@pgfplotstable@counta=\count194
\t@pgfplotstable@a=\toks38
)
("C:\Users\Alexandre\AppData\Local\Programs\MiKTeX 2.9\tex\generic\pgfplots\lis
tstructure\pgfplotsdeque.code.tex")
("C:\Users\Alexandre\AppData\Local\Programs\MiKTeX 2.9\tex\generic\pgfplots\uti
l\pgfplotsbinary.code.tex"
("C:\Users\Alexandre\AppData\Local\Programs\MiKTeX 2.9\tex\generic\pgfplots\uti
l\pgfplotsbinary.data.code.tex"))
("C:\Users\Alexandre\AppData\Local\Programs\MiKTeX 2.9\tex\generic\pgfplots\uti
l\pgfplotsutil.verb.code.tex")
("C:\Users\Alexandre\AppData\Local\Programs\MiKTeX 2.9\tex\generic\pgfplots\lib
s\pgflibrarypgfplots.surfshading.code.tex"
\c@pgfplotslibrarysurf@no=\count195

("C:\Users\Alexandre\AppData\Local\Programs\MiKTeX 2.9\tex\generic\pgfplots\sys
\pgflibrarypgfplots.surfshading.pgfsys-pdftex.def")))
("C:\Users\Alexandre\AppData\Local\Programs\MiKTeX 2.9\tex\generic\pgfplots\uti
l\pgfplotscolormap.code.tex"
("C:\Users\Alexandre\AppData\Local\Programs\MiKTeX 2.9\tex\generic\pgfplots\uti
l\pgfplotscolor.code.tex"))
("C:\Users\Alexandre\AppData\Local\Programs\MiKTeX 2.9\tex\generic\pgfplots\pgf
plotsstackedplots.code.tex")
("C:\Users\Alexandre\AppData\Local\Programs\MiKTeX 2.9\tex\generic\pgfplots\pgf
plotsplothandlers.code.tex"
("C:\Users\Alexandre\AppData\Local\Programs\MiKTeX 2.9\tex\generic\pgfplots\pgf
plotsmeshplothandler.code.tex"
("C:\Users\Alexandre\AppData\Local\Programs\MiKTeX 2.9\tex\generic\pgfplots\pgf
plotsmeshplotimage.code.tex")))
("C:\Users\Alexandre\AppData\Local\Programs\MiKTeX 2.9\tex\generic\pgfplots\pgf
plots.scaling.code.tex")
("C:\Users\Alexandre\AppData\Local\Programs\MiKTeX 2.9\tex\generic\pgfplots\pgf
plotscoordprocessing.code.tex")
("C:\Users\Alexandre\AppData\Local\Programs\MiKTeX 2.9\tex\generic\pgfplots\pgf
plots.errorbars.code.tex")
("C:\Users\Alexandre\AppData\Local\Programs\MiKTeX 2.9\tex\generic\pgfplots\pgf
plots.markers.code.tex")
("C:\Users\Alexandre\AppData\Local\Programs\MiKTeX 2.9\tex\generic\pgfplots\pgf
plotsticks.code.tex")
("C:\Users\Alexandre\AppData\Local\Programs\MiKTeX 2.9\tex\generic\pgfplots\pgf
plots.paths.code.tex")
("C:\Users\Alexandre\AppData\Local\Programs\MiKTeX 2.9\tex\generic\pgf\frontend
layer\tikz\libraries\tikzlibrarydecorations.code.tex"
("C:\Users\Alexandre\AppData\Local\Programs\MiKTeX 2.9\tex\generic\pgf\modules\
pgfmoduledecorations.code.tex"
\pgfdecoratedcompleteddistance=\dimen286
\pgfdecoratedremainingdistance=\dimen287
\pgfdecoratedinputsegmentcompleteddistance=\dimen288
\pgfdecoratedinputsegmentremainingdistance=\dimen289
\pgf@decorate@distancetomove=\dimen290
\pgf@decorate@repeatstate=\count196
\pgfdecorationsegmentamplitude=\dimen291
\pgfdecorationsegmentlength=\dimen292
)
\tikz@lib@dec@box=\box95
)
("C:\Users\Alexandre\AppData\Local\Programs\MiKTeX 2.9\tex\generic\pgf\frontend
layer\tikz\libraries\tikzlibrarydecorations.pathmorphing.code.tex"
("C:\Users\Alexandre\AppData\Local\Programs\MiKTeX 2.9\tex\generic\pgf\librarie
s\decorations\pgflibrarydecorations.pathmorphing.code.tex"))
("C:\Users\Alexandre\AppData\Local\Programs\MiKTeX 2.9\tex\generic\pgf\frontend
layer\tikz\libraries\tikzlibrarydecorations.pathreplacing.code.tex"
("C:\Users\Alexandre\AppData\Local\Programs\MiKTeX 2.9\tex\generic\pgf\librarie
s\decorations\pgflibrarydecorations.pathreplacing.code.tex"))
\pgfplots@numplots=\count197
\pgfplots@xmin@reg=\dimen293
\pgfplots@xmax@reg=\dimen294
\pgfplots@ymin@reg=\dimen295
\pgfplots@ymax@reg=\dimen296
\pgfplots@zmin@reg=\dimen297
\pgfplots@zmax@reg=\dimen298
)
("C:\Users\Alexandre\AppData\Local\Programs\MiKTeX 2.9\tex\generic\pgf\frontend
layer\tikz\libraries\tikzlibraryplotmarks.code.tex"
File: tikzlibraryplotmarks.code.tex 2008/01/09 v3.0.1a (rcs-revision 1.1)

("C:\Users\Alexandre\AppData\Local\Programs\MiKTeX 2.9\tex\generic\pgf\librarie
s\pgflibraryplotmarks.code.tex"
File: pgflibraryplotmarks.code.tex 2015/08/03 v3.0.1a (rcs-revision 1.14)
)))
("C:\Users\Alexandre\AppData\Local\Programs\MiKTeX 2.9\tex\latex\multirow\multi
row.sty"
\bigstrutjot=\dimen299
)
("C:\Users\Alexandre\AppData\Local\Programs\MiKTeX 2.9\tex\latex\pgfplots\pgfpl
otstable.sty"
("C:\Users\Alexandre\AppData\Local\Programs\MiKTeX 2.9\tex\generic\pgfplots\pgf
plots.revision.tex")
Package: pgfplotstable 2016/01/06 v1.13 Table typesetting and Pretty-printing (
1.13)

("C:\Users\Alexandre\AppData\Local\Programs\MiKTeX 2.9\tex\generic\pgfplots\num
table\pgfplotstable.code.tex"
("C:\Users\Alexandre\AppData\Local\Programs\MiKTeX 2.9\tex\generic\pgfplots\num
table\pgfplotstable.coltype.code.tex")))
("C:\Users\Alexandre\AppData\Local\Programs\MiKTeX 2.9\tex\latex\amsmath\amsmat
h.sty"
Package: amsmath 2016/03/10 v2.15b AMS math features
\@mathmargin=\skip81

For additional information on amsmath, use the `?' option.

("C:\Users\Alexandre\AppData\Local\Programs\MiKTeX 2.9\tex\latex\amsmath\amsbsy
.sty"
Package: amsbsy 1999/11/29 v1.2d Bold Symbols
\pmbraise@=\dimen300
)
("C:\Users\Alexandre\AppData\Local\Programs\MiKTeX 2.9\tex\latex\amsmath\amsopn
.sty"
Package: amsopn 2016/03/08 v2.02 operator names
)
\inf@bad=\count198
LaTeX Info: Redefining \frac on input line 199.
\uproot@=\count199
\leftroot@=\count266
LaTeX Info: Redefining \overline on input line 297.
\classnum@=\count267
\DOTSCASE@=\count268
LaTeX Info: Redefining \ldots on input line 394.
LaTeX Info: Redefining \dots on input line 397.
LaTeX Info: Redefining \cdots on input line 518.
\Mathstrutbox@=\box96
\strutbox@=\box97
\big@size=\dimen301
LaTeX Font Info:    Redeclaring font encoding OML on input line 634.
LaTeX Font Info:    Redeclaring font encoding OMS on input line 635.
\macc@depth=\count269
\c@MaxMatrixCols=\count270
\dotsspace@=\muskip16
\c@parentequation=\count271
\dspbrk@lvl=\count272
\tag@help=\toks39
\row@=\count273
\column@=\count274
\maxfields@=\count275
\andhelp@=\toks40
\eqnshift@=\dimen302
\alignsep@=\dimen303
\tagshift@=\dimen304
\tagwidth@=\dimen305
\totwidth@=\dimen306
\lineht@=\dimen307
\@envbody=\toks41
\multlinegap=\skip82
\multlinetaggap=\skip83
\mathdisplay@stack=\toks42
LaTeX Info: Redefining \[ on input line 2739.
LaTeX Info: Redefining \] on input line 2740.
)
("C:\Users\Alexandre\AppData\Local\Programs\MiKTeX 2.9\tex\latex\was\gensymb.st
y"
Package: gensymb 2003/07/02 v1.0 (WaS)
)
("C:\Users\Alexandre\AppData\Local\Programs\MiKTeX 2.9\tex\latex\psnfss\mathpaz
o.sty"
Package: mathpazo 2005/04/12 PSNFSS-v9.2a Palatino w/ Pazo Math (D.Puga, WaS) 
\symupright=\mathgroup4
)
("C:\Users\Alexandre\AppData\Local\Programs\MiKTeX 2.9\tex\latex\lipsum\lipsum.
sty"
Package: lipsum 2014/07/27 v1.3 150 paragraphs of Lorem Ipsum dummy text
\c@lips@count=\count276
)
("C:\Users\Alexandre\AppData\Local\Programs\MiKTeX 2.9\tex\latex\listings\listi
ngs.sty"
\lst@mode=\count277
\lst@gtempboxa=\box98
\lst@token=\toks43
\lst@length=\count278
\lst@currlwidth=\dimen308
\lst@column=\count279
\lst@pos=\count280
\lst@lostspace=\dimen309
\lst@width=\dimen310
\lst@newlines=\count281
\lst@lineno=\count282
\lst@maxwidth=\dimen311

("C:\Users\Alexandre\AppData\Local\Programs\MiKTeX 2.9\tex\latex\listings\lstmi
sc.sty"
File: lstmisc.sty 2015/06/04 1.6 (Carsten Heinz)
\c@lstnumber=\count283
\lst@skipnumbers=\count284
\lst@framebox=\box99
)
("C:\Users\Alexandre\AppData\Local\Programs\MiKTeX 2.9\tex\latex\listings\listi
ngs.cfg"
File: listings.cfg 2015/06/04 1.6 listings configuration
))
Package: listings 2015/06/04 1.6 (Carsten Heinz)

("C:\Users\Alexandre\AppData\Local\Programs\MiKTeX 2.9\tex\latex\listings\lstla
ng1.sty"
File: lstlang1.sty 2015/06/04 1.6 listings language file
)) (Q1.aux)
\openout1 = `Q1.aux'.

LaTeX Font Info:    Checking defaults for OML/cmm/m/it on input line 31.
LaTeX Font Info:    ... okay on input line 31.
LaTeX Font Info:    Checking defaults for T1/cmr/m/n on input line 31.
LaTeX Font Info:    ... okay on input line 31.
LaTeX Font Info:    Checking defaults for OT1/cmr/m/n on input line 31.
LaTeX Font Info:    ... okay on input line 31.
LaTeX Font Info:    Checking defaults for OMS/cmsy/m/n on input line 31.
LaTeX Font Info:    ... okay on input line 31.
LaTeX Font Info:    Checking defaults for OMX/cmex/m/n on input line 31.
LaTeX Font Info:    ... okay on input line 31.
LaTeX Font Info:    Checking defaults for U/cmr/m/n on input line 31.
LaTeX Font Info:    ... okay on input line 31.
LaTeX Font Info:    Try loading font information for OT1+ppl on input line 31.

("C:\Users\Alexandre\AppData\Local\Programs\MiKTeX 2.9\tex\latex\psnfss\ot1ppl.
fd"
File: ot1ppl.fd 2001/06/04 font definitions for OT1/ppl.
)
("C:\Users\Alexandre\AppData\Local\Programs\MiKTeX 2.9\tex\context\base\supp-pd
f.mkii"
[Loading MPS to PDF converter (version 2006.09.02).]
\scratchcounter=\count285
\scratchdimen=\dimen312
\scratchbox=\box100
\nofMPsegments=\count286
\nofMParguments=\count287
\everyMPshowfont=\toks44
\MPscratchCnt=\count288
\MPscratchDim=\dimen313
\MPnumerator=\count289
\makeMPintoPDFobject=\count290
\everyMPtoPDFconversion=\toks45
)
("C:\Users\Alexandre\AppData\Local\Programs\MiKTeX 2.9\tex\latex\beamer\base\tr
anslator\dicts\translator-basic-dictionary\translator-basic-dictionary-English.
dict"
Dictionary: translator-basic-dictionary, Language: English 
)
("C:\Users\Alexandre\AppData\Local\Programs\MiKTeX 2.9\tex\latex\siunitx\siunit
x-abbreviations.cfg"
File: siunitx-abbreviations.cfg 2016/03/01 v2.6q siunitx: Abbreviated units
) ABD: EveryShipout initializing macros

Package pgfplots Warning: running in backwards compatibility mode (unsuitable t
ick labels; missing features). Consider writing \pgfplotsset{compat=1.13} into 
your preamble.
 on input line 31.

LaTeX Info: Redefining \celsius on input line 31.
Package gensymb Info: Faking symbols for \degree and \celsius on input line 31.


Package gensymb Warning: Not defining \perthousand.

LaTeX Info: Redefining \ohm on input line 31.
Package gensymb Info: Using \upOmega for \ohm on input line 31.

Package gensymb Warning: Not defining \micro.

\c@lstlisting=\count291
\c__siunitx_mathsf_int=\count292
LaTeX Font Info:    Try loading font information for OML+zplm on input line 31.


("C:\Users\Alexandre\AppData\Local\Programs\MiKTeX 2.9\tex\latex\psnfss\omlzplm
.fd"
File: omlzplm.fd 2002/09/08 Fontinst v1.914 font definitions for OML/zplm.
)
LaTeX Font Info:    Try loading font information for OMS+zplm on input line 31.


("C:\Users\Alexandre\AppData\Local\Programs\MiKTeX 2.9\tex\latex\psnfss\omszplm
.fd"
File: omszplm.fd 2002/09/08 Fontinst v1.914 font definitions for OMS/zplm.
)
LaTeX Font Info:    Try loading font information for OMX+zplm on input line 31.


("C:\Users\Alexandre\AppData\Local\Programs\MiKTeX 2.9\tex\latex\psnfss\omxzplm
.fd"
File: omxzplm.fd 2002/09/08 Fontinst v1.914 font definitions for OMX/zplm.
)
LaTeX Font Info:    Try loading font information for OT1+zplm on input line 31.


("C:\Users\Alexandre\AppData\Local\Programs\MiKTeX 2.9\tex\latex\psnfss\ot1zplm
.fd"
File: ot1zplm.fd 2002/09/08 Fontinst v1.914 font definitions for OT1/zplm.
)
\c__siunitx_mathtt_int=\count293
LaTeX Font Info:    Font shape `OT1/ppl/bx/n' in size <24> not available
(Font)              Font shape `OT1/ppl/b/n' tried instead on input line 32.

Overfull \hbox (11.29242pt too wide) in paragraph at lines 32--32
 [][] 
 []

LaTeX Font Info:    Font shape `OT1/ppl/bx/n' in size <14.4> not available
(Font)              Font shape `OT1/ppl/b/n' tried instead on input line 33.
Package epstopdf Info: Source file: <Q1_01.eps>
(epstopdf)                    date: 2016-11-27 16:47:57
(epstopdf)                    size: 178661 bytes
(epstopdf)             Output file: <Q1_01-eps-converted-to.pdf>
(epstopdf)                    date: 2016-11-27 16:49:47
(epstopdf)                    size: 19781 bytes
(epstopdf)             Command: <epstopdf --outfile=Q1_01-eps-converted-to.pdf 
Q1_01.eps>
(epstopdf)             \includegraphics on input line 36.
Package epstopdf Info: Output file is already uptodate.
<Q1_01-eps-converted-to.pdf, id=4, 369.38pt x 291.0875pt>
File: Q1_01-eps-converted-to.pdf Graphic file (type pdf)

<use Q1_01-eps-converted-to.pdf>
Package pdftex.def Info: Q1_01-eps-converted-to.pdf used on input line 36.
(pdftex.def)             Requested size: 433.62137pt x 216.8138pt.
Package epstopdf Info: Source file: <Q1_02.eps>
(epstopdf)                    date: 2016-11-27 16:48:00
(epstopdf)                    size: 22945 bytes
(epstopdf)             Output file: <Q1_02-eps-converted-to.pdf>
(epstopdf)                    date: 2016-11-27 16:49:52
(epstopdf)                    size: 8200 bytes
(epstopdf)             Command: <epstopdf --outfile=Q1_02-eps-converted-to.pdf 
Q1_02.eps>
(epstopdf)             \includegraphics on input line 61.
Package epstopdf Info: Output file is already uptodate.

<Q1_02-eps-converted-to.pdf, id=5, 380.42125pt x 291.0875pt>
File: Q1_02-eps-converted-to.pdf Graphic file (type pdf)

<use Q1_02-eps-converted-to.pdf>
Package pdftex.def Info: Q1_02-eps-converted-to.pdf used on input line 61.
(pdftex.def)             Requested size: 289.07999pt x 221.20213pt.

Underfull \vbox (badness 10000) has occurred while \output is active []

 [1

{C:/Users/Alexandre/AppData/Local/MiKTeX/2.9/pdftex/config/pdftex.map} <./Q1_01
-eps-converted-to.pdf>]
Package epstopdf Info: Source file: <Q2_01.eps>
(epstopdf)                    date: 2016-11-27 18:21:43
(epstopdf)                    size: 3483750 bytes
(epstopdf)             Output file: <Q2_01-eps-converted-to.pdf>
(epstopdf)                    date: 2016-11-27 18:23:07
(epstopdf)                    size: 297918 bytes
(epstopdf)             Command: <epstopdf --outfile=Q2_01-eps-converted-to.pdf 
Q2_01.eps>
(epstopdf)             \includegraphics on input line 69.
Package epstopdf Info: Output file is already uptodate.
 <Q2_01-eps-converted-to.pdf, id=21, 383.4325pt x 291.0875pt>
File: Q2_01-eps-converted-to.pdf Graphic file (type pdf)

<use Q2_01-eps-converted-to.pdf>
Package pdftex.def Info: Q2_01-eps-converted-to.pdf used on input line 69.
(pdftex.def)             Requested size: 289.07999pt x 219.4699pt.

Overfull \hbox (41.135pt too wide) in paragraph at lines 69--70
 [][] 
 []

Package epstopdf Info: Source file: <Q2_02.eps>
(epstopdf)                    date: 2016-11-27 18:21:45
(epstopdf)                    size: 3513980 bytes
(epstopdf)             Output file: <Q2_02-eps-converted-to.pdf>
(epstopdf)                    date: 2016-11-27 18:23:09
(epstopdf)                    size: 301823 bytes
(epstopdf)             Command: <epstopdf --outfile=Q2_02-eps-converted-to.pdf 
Q2_02.eps>
(epstopdf)             \includegraphics on input line 73.
Package epstopdf Info: Output file is already uptodate.
<Q2_02-eps-converted-to.pdf, id=22, 383.4325pt x 291.0875pt>
File: Q2_02-eps-converted-to.pdf Graphic file (type pdf)

<use Q2_02-eps-converted-to.pdf>
Package pdftex.def Info: Q2_02-eps-converted-to.pdf used on input line 73.
(pdftex.def)             Requested size: 289.07999pt x 219.4699pt.

Overfull \hbox (41.135pt too wide) in paragraph at lines 73--74
 [][] 
 []

[2 <./Q1_02-eps-converted-to.pdf> <./Q2_01-eps-converted-to.pdf> <./Q2_02-eps-c
onverted-to.pdf>]
Package epstopdf Info: Source file: <question3_01.eps>
(epstopdf)                    date: 2016-11-27 18:35:19
(epstopdf)                    size: 136877 bytes
(epstopdf)             Output file: <question3_01-eps-converted-to.pdf>
(epstopdf)                    date: 2016-11-27 18:38:44
(epstopdf)                    size: 14001 bytes
(epstopdf)             Command: <epstopdf --outfile=question3_01-eps-converted-
to.pdf question3_01.eps>
(epstopdf)             \includegraphics on input line 104.
Package epstopdf Info: Output file is already uptodate.

<question3_01-eps-converted-to.pdf, id=61, 354.32375pt x 299.1175pt>
File: question3_01-eps-converted-to.pdf Graphic file (type pdf)

<use question3_01-eps-converted-to.pdf>
Package pdftex.def Info: question3_01-eps-converted-to.pdf used on input line 1
04.
(pdftex.def)             Requested size: 289.07999pt x 244.04561pt.
 [3 <./question3_01-eps-converted-to.pdf>]
LaTeX Font Info:    Font shape `OT1/ppl/bx/n' in size <12> not available
(Font)              Font shape `OT1/ppl/b/n' tried instead on input line 109.
 [4] [5] [6] (Q1.aux) ) 
Here is how much of TeX's memory you used:
 34343 strings out of 493335
 836099 string characters out of 3128498
 1129860 words of memory out of 3000000
 37337 multiletter control sequences out of 15000+200000
 27447 words of font info for 77 fonts, out of 3000000 for 9000
 1141 hyphenation exceptions out of 8191
 57i,12n,77p,10396b,1735s stack positions out of 5000i,500n,10000p,200000b,50000s
{C:/Users/Alexandre/AppData/Local/Programs/MiKTeX 2.9/fo
nts/enc/dvips/fontname/8r.enc}<C:/Users/Alexandre/AppData/Local/Programs/MiKTeX
 2.9/fonts/type1/public/amsfonts/cm/cmr10.pfb><C:/Users/Alexandre/AppData/Local
/Programs/MiKTeX 2.9/fonts/type1/public/amsfonts/cm/cmsy10.pfb><C:/Users/Alexan
dre/AppData/Local/Programs/MiKTeX 2.9/fonts/type1/public/amsfonts/cm/cmtt9.pfb>
<C:/Users/Alexandre/AppData/Local/Programs/MiKTeX 2.9/fonts/type1/urw/palatino/
uplb8a.pfb><C:/Users/Alexandre/AppData/Local/Programs/MiKTeX 2.9/fonts/type1/ur
w/palatino/uplr8a.pfb><C:/Users/Alexandre/AppData/Local/Programs/MiKTeX 2.9/fon
ts/type1/urw/palatino/uplri8a.pfb>
Output written on Q1.pdf (6 pages, 720491 bytes).
PDF statistics:
 106 PDF objects out of 1000 (max. 8388607)
 0 named destinations out of 1000 (max. 500000)
 38 words of extra memory for PDF output out of 10000 (max. 10000000)

