This is pdfTeX, Version 3.14159265-2.6-1.40.17 (MiKTeX 2.9 64-bit) (preloaded format=pdflatex 2016.9.27)  27 NOV 2016 18:21
entering extended mode
**./Q2.tex
(Q2.tex
LaTeX2e <2016/03/31>
Babel <3.9r> and hyphenation patterns for 75 language(s) loaded.

("C:\Users\Alexandre\AppData\Local\Programs\MiKTeX 2.9\tex\latex\base\article.c
ls"
Document Class: article 2014/09/29 v1.4h Standard LaTeX document class

("C:\Users\Alexandre\AppData\Local\Programs\MiKTeX 2.9\tex\latex\base\size10.cl
o"
File: size10.clo 2014/09/29 v1.4h Standard LaTeX file (size option)
)
\c@part=\count79
\c@section=\count80
\c@subsection=\count81
\c@subsubsection=\count82
\c@paragraph=\count83
\c@subparagraph=\count84
\c@figure=\count85
\c@table=\count86
\abovecaptionskip=\skip41
\belowcaptionskip=\skip42
\bibindent=\dimen102
)
("C:\Users\Alexandre\AppData\Local\Programs\MiKTeX 2.9\tex\latex\graphics\graph
icx.sty"
Package: graphicx 2014/10/28 v1.0g Enhanced LaTeX Graphics (DPC,SPQR)

("C:\Users\Alexandre\AppData\Local\Programs\MiKTeX 2.9\tex\latex\graphics\keyva
l.sty"
Package: keyval 2014/10/28 v1.15 key=value parser (DPC)
\KV@toks@=\toks14
)
("C:\Users\Alexandre\AppData\Local\Programs\MiKTeX 2.9\tex\latex\graphics\graph
ics.sty"
Package: graphics 2016/05/09 v1.0r Standard LaTeX Graphics (DPC,SPQR)

("C:\Users\Alexandre\AppData\Local\Programs\MiKTeX 2.9\tex\latex\graphics\trig.
sty"
Package: trig 2016/01/03 v1.10 sin cos tan (DPC)
)
("C:\Users\Alexandre\AppData\Local\Programs\MiKTeX 2.9\tex\latex\00miktex\graph
ics.cfg"
File: graphics.cfg 2016/01/02 v1.10 sample graphics configuration
)
Package graphics Info: Driver file: pdftex.def on input line 96.

("C:\Users\Alexandre\AppData\Local\Programs\MiKTeX 2.9\tex\latex\pdftex-def\pdf
tex.def"
File: pdftex.def 2011/05/27 v0.06d Graphics/color for pdfTeX

("C:\Users\Alexandre\AppData\Local\Programs\MiKTeX 2.9\tex\generic\oberdiek\inf
warerr.sty"
Package: infwarerr 2016/05/16 v1.4 Providing info/warning/error messages (HO)
)
("C:\Users\Alexandre\AppData\Local\Programs\MiKTeX 2.9\tex\generic\oberdiek\ltx
cmds.sty"
Package: ltxcmds 2016/05/16 v1.23 LaTeX kernel commands for general use (HO)
)
\Gread@gobject=\count87
))
\Gin@req@height=\dimen103
\Gin@req@width=\dimen104
)
("C:\Users\Alexandre\AppData\Local\Programs\MiKTeX 2.9\tex\latex\graphics\color
.sty"
Package: color 2016/05/09 v1.1c Standard LaTeX Color (DPC)

("C:\Users\Alexandre\AppData\Local\Programs\MiKTeX 2.9\tex\latex\00miktex\color
.cfg"
File: color.cfg 2016/01/02 v1.6 sample color configuration
)
Package color Info: Driver file: pdftex.def on input line 144.
) (Q2.aux)
\openout1 = `Q2.aux'.

LaTeX Font Info:    Checking defaults for OML/cmm/m/it on input line 13.
LaTeX Font Info:    ... okay on input line 13.
LaTeX Font Info:    Checking defaults for T1/cmr/m/n on input line 13.
LaTeX Font Info:    ... okay on input line 13.
LaTeX Font Info:    Checking defaults for OT1/cmr/m/n on input line 13.
LaTeX Font Info:    ... okay on input line 13.
LaTeX Font Info:    Checking defaults for OMS/cmsy/m/n on input line 13.
LaTeX Font Info:    ... okay on input line 13.
LaTeX Font Info:    Checking defaults for OMX/cmex/m/n on input line 13.
LaTeX Font Info:    ... okay on input line 13.
LaTeX Font Info:    Checking defaults for U/cmr/m/n on input line 13.
LaTeX Font Info:    ... okay on input line 13.

("C:\Users\Alexandre\AppData\Local\Programs\MiKTeX 2.9\tex\context\base\supp-pd
f.mkii"
[Loading MPS to PDF converter (version 2006.09.02).]
\scratchcounter=\count88
\scratchdimen=\dimen105
\scratchbox=\box26
\nofMPsegments=\count89
\nofMParguments=\count90
\everyMPshowfont=\toks15
\MPscratchCnt=\count91
\MPscratchDim=\dimen106
\MPnumerator=\count92
\makeMPintoPDFobject=\count93
\everyMPtoPDFconversion=\toks16
)
("C:\Users\Alexandre\AppData\Local\Programs\MiKTeX 2.9\tex\generic\oberdiek\pdf
texcmds.sty"
Package: pdftexcmds 2016/05/21 v0.22 Utility functions of pdfTeX for LuaTeX (HO
)

("C:\Users\Alexandre\AppData\Local\Programs\MiKTeX 2.9\tex\generic\oberdiek\ifl
uatex.sty"
Package: ifluatex 2016/05/16 v1.4 Provides the ifluatex switch (HO)
Package ifluatex Info: LuaTeX not detected.
)
("C:\Users\Alexandre\AppData\Local\Programs\MiKTeX 2.9\tex\generic\oberdiek\ifp
df.sty"
Package: ifpdf 2016/05/14 v3.1 Provides the ifpdf switch
)
Package pdftexcmds Info: LuaTeX not detected.
Package pdftexcmds Info: \pdf@primitive is available.
Package pdftexcmds Info: \pdf@ifprimitive is available.
Package pdftexcmds Info: \pdfdraftmode found.
)
("C:\Users\Alexandre\AppData\Local\Programs\MiKTeX 2.9\tex\latex\oberdiek\epsto
pdf-base.sty"
Package: epstopdf-base 2016/05/15 v2.6 Base part for package epstopdf

("C:\Users\Alexandre\AppData\Local\Programs\MiKTeX 2.9\tex\latex\oberdiek\grfex
t.sty"
Package: grfext 2016/05/16 v1.2 Manage graphics extensions (HO)

("C:\Users\Alexandre\AppData\Local\Programs\MiKTeX 2.9\tex\generic\oberdiek\kvd
efinekeys.sty"
Package: kvdefinekeys 2016/05/16 v1.4 Define keys (HO)
))
("C:\Users\Alexandre\AppData\Local\Programs\MiKTeX 2.9\tex\latex\oberdiek\kvopt
ions.sty"
Package: kvoptions 2016/05/16 v3.12 Key value format for package options (HO)

("C:\Users\Alexandre\AppData\Local\Programs\MiKTeX 2.9\tex\generic\oberdiek\kvs
etkeys.sty"
Package: kvsetkeys 2016/05/16 v1.17 Key value parser (HO)

("C:\Users\Alexandre\AppData\Local\Programs\MiKTeX 2.9\tex\generic\oberdiek\ete
xcmds.sty"
Package: etexcmds 2016/05/16 v1.6 Avoid name clashes with e-TeX commands (HO)
Package etexcmds Info: Could not find \expanded.
(etexcmds)             That can mean that you are not using pdfTeX 1.50 or
(etexcmds)             that some package has redefined \expanded.
(etexcmds)             In the latter case, load this package earlier.
)))
Package grfext Info: Graphics extension search list:
(grfext)             [.png,.pdf,.jpg,.mps,.jpeg,.jbig2,.jb2,.PNG,.PDF,.JPG,.JPE
G,.JBIG2,.JB2,.eps]
(grfext)             \AppendGraphicsExtensions on input line 456.
)
LaTeX Font Info:    Try loading font information for OMS+cmr on input line 21.

("C:\Users\Alexandre\AppData\Local\Programs\MiKTeX 2.9\tex\latex\base\omscmr.fd
"
File: omscmr.fd 2014/09/29 v2.5h Standard LaTeX font definitions
)
LaTeX Font Info:    Font shape `OMS/cmr/m/n' in size <10> not available
(Font)              Font shape `OMS/cmsy/m/n' tried instead on input line 21.

Overfull \hbox (80.24629pt too wide) in paragraph at lines 66--66
[]\OT1/cmtt/m/n/10 RV1 = RV1.RV1;         % specify the variable in the MAT-fil
e using dot notation,[] 
 []


Overfull \hbox (101.24611pt too wide) in paragraph at lines 66--66
[]                       \OT1/cmtt/m/n/10 % making it able to access each item 
like elements in an array[] 
 []


Overfull \hbox (174.74547pt too wide) in paragraph at lines 66--66
[]\OT1/cmtt/m/n/10 JPMF1 = zeros(101, 101);    % Joint pmf of RV1, RV2. JPMF is
 set as a Matrix as an input for surf()[] 
 []


Overfull \hbox (263.99469pt too wide) in paragraph at lines 66--66
[]  \OT1/cmtt/m/n/10 JPMF1(RV1(i)+1, RV2(i)+1) = JPMF1(RV1(i)+1, RV2(i)+1)+1; %
for each element both in RV1 and RV2/RV3, increase total[] 
 []


Overfull \hbox (148.4957pt too wide) in paragraph at lines 66--66
[]    \OT1/cmtt/m/n/10 JPMF1(i, j) = JPMF1(i, j) / 1000000; % divide by number 
of elements to determine joint PMF[] 
 []

[1

{C:/Users/Alexandre/AppData/Local/MiKTeX/2.9/pdftex/config/pdftex.map}]
[2] (Q2.aux) ) 
Here is how much of TeX's memory you used:
 1520 strings out of 493335
 22772 string characters out of 3128498
 83033 words of memory out of 3000000
 5062 multiletter control sequences out of 15000+200000
 4413 words of font info for 17 fonts, out of 3000000 for 9000
 1141 hyphenation exceptions out of 8191
 38i,5n,23p,234b,247s stack positions out of 5000i,500n,10000p,200000b,50000s
<C:/Users/Alexandre/AppData/Local/Programs/MiKTeX 2.9/fonts/type1
/public/amsfonts/cm/cmbx12.pfb><C:/Users/Alexandre/AppData/Local/Programs/MiKTe
X 2.9/fonts/type1/public/amsfonts/cm/cmr10.pfb><C:/Users/Alexandre/AppData/Loca
l/Programs/MiKTeX 2.9/fonts/type1/public/amsfonts/cm/cmsy10.pfb><C:/Users/Alexa
ndre/AppData/Local/Programs/MiKTeX 2.9/fonts/type1/public/amsfonts/cm/cmtt10.pf
b>
Output written on Q2.pdf (2 pages, 48351 bytes).
PDF statistics:
 25 PDF objects out of 1000 (max. 8388607)
 0 named destinations out of 1000 (max. 500000)
 1 words of extra memory for PDF output out of 10000 (max. 10000000)

